c:\users\osrf\code\gz\zziplib-0.13.62\msvc8\x64\debug\vc120.pdb
c:\users\osrf\code\gz\zziplib-0.13.62\msvc8\x64\debug\zip.obj
c:\users\osrf\code\gz\zziplib-0.13.62\msvc8\x64\debug\stat.obj
c:\users\osrf\code\gz\zziplib-0.13.62\msvc8\x64\debug\plugin.obj
c:\users\osrf\code\gz\zziplib-0.13.62\msvc8\x64\debug\info.obj
c:\users\osrf\code\gz\zziplib-0.13.62\msvc8\x64\debug\file.obj
c:\users\osrf\code\gz\zziplib-0.13.62\msvc8\x64\debug\fetch.obj
c:\users\osrf\code\gz\zziplib-0.13.62\msvc8\x64\debug\err.obj
c:\users\osrf\code\gz\zziplib-0.13.62\msvc8\x64\debug\dir.obj
c:\users\osrf\code\gz\zziplib-0.13.62\msvc8\zziplib-debug.lib
c:\users\osrf\code\gz\zziplib-0.13.62-vc12-x64-release-debug\msvc8\x64\debug\dir.obj
c:\users\osrf\code\gz\zziplib-0.13.62-vc12-x64-release-debug\msvc8\x64\debug\err.obj
c:\users\osrf\code\gz\zziplib-0.13.62-vc12-x64-release-debug\msvc8\x64\debug\fetch.obj
c:\users\osrf\code\gz\zziplib-0.13.62-vc12-x64-release-debug\msvc8\x64\debug\file.obj
c:\users\osrf\code\gz\zziplib-0.13.62-vc12-x64-release-debug\msvc8\x64\debug\info.obj
c:\users\osrf\code\gz\zziplib-0.13.62-vc12-x64-release-debug\msvc8\x64\debug\plugin.obj
c:\users\osrf\code\gz\zziplib-0.13.62-vc12-x64-release-debug\msvc8\x64\debug\stat.obj
c:\users\osrf\code\gz\zziplib-0.13.62-vc12-x64-release-debug\msvc8\x64\debug\zip.obj
c:\users\osrf\code\gz\zziplib-0.13.62-vc12-x64-release-debug\msvc8\x64\debug\vc120.pdb
c:\users\osrf\code\gz\zziplib-0.13.62-vc12-x64-release-debug\msvc8\x64\debug\zziplib.tlog\cl.command.1.tlog
c:\users\osrf\code\gz\zziplib-0.13.62-vc12-x64-release-debug\msvc8\x64\debug\zziplib.tlog\cl.read.1.tlog
c:\users\osrf\code\gz\zziplib-0.13.62-vc12-x64-release-debug\msvc8\x64\debug\zziplib.tlog\cl.write.1.tlog
c:\users\osrf\code\gz\zziplib-0.13.62-vc12-x64-release-debug\msvc8\x64\debug\zziplib.tlog\lib-link.read.1.tlog
c:\users\osrf\code\gz\zziplib-0.13.62-vc12-x64-release-debug\msvc8\x64\debug\zziplib.tlog\lib-link.write.1.tlog
c:\users\osrf\code\gz\zziplib-0.13.62-vc12-x64-release-debug\msvc8\x64\debug\zziplib.tlog\lib.command.1.tlog
