Build started 12/4/2014 11:29:25 PM.
     1>Project "C:\Users\OSRF\code\gz\zziplib-0.13.62-vc12-x64-release-debug\msvc8\zziplib.vcxproj" on node 2 (Rebuild target(s)).
     1>ClCompile:
         C:\Program Files (x86)\Microsoft Visual Studio 12.0\VC\bin\x86_amd64\CL.exe /c /I.. /I../msvc/zlib/include /Zi /nologo /W3 /WX- /O2 /Ob1 /Oy /D WIN32 /D NDEBUG /D _LIB /D _VC80_UPGRADE=0x0700 /D _MBCS /GF /Gm- /EHsc /MD /GS /Gy /fp:precise /Zc:wchar_t /Zc:forScope /Fo"x64\Release\\" /Fd"x64\Release\vc120.pdb" /Gd /TC /errorReport:prompt ..\zzip\dir.c ..\zzip\err.c ..\zzip\fetch.c ..\zzip\file.c ..\zzip\info.c ..\zzip\plugin.c ..\zzip\stat.c ..\zzip\zip.c
         dir.c
     1>C:\Users\OSRF\code\gz\zziplib-0.13.62-vc12-x64-release-debug\zzip/__dirent.h(179): warning C4996: 'strcpy': This function or variable may be unsafe. Consider using strcpy_s instead. To disable deprecation, use _CRT_SECURE_NO_WARNINGS. See online help for details.
     1>C:\Users\OSRF\code\gz\zziplib-0.13.62-vc12-x64-release-debug\zzip/__dirent.h(185): warning C4996: 'strcat': This function or variable may be unsafe. Consider using strcat_s instead. To disable deprecation, use _CRT_SECURE_NO_WARNINGS. See online help for details.
     1>C:\Users\OSRF\code\gz\zziplib-0.13.62-vc12-x64-release-debug\zzip/__dirent.h(189): warning C4996: 'strcat': This function or variable may be unsafe. Consider using strcat_s instead. To disable deprecation, use _CRT_SECURE_NO_WARNINGS. See online help for details.
     1>C:\Users\OSRF\code\gz\zziplib-0.13.62-vc12-x64-release-debug\zzip/__dirent.h(239): warning C4244: '=' : conversion from 'intptr_t' to 'long', possible loss of data
     1>..\zzip\dir.c(83): warning C4996: 'strcpy': This function or variable may be unsafe. Consider using strcpy_s instead. To disable deprecation, use _CRT_SECURE_NO_WARNINGS. See online help for details.
     1>..\zzip\dir.c(84): warning C4996: 'strcat': This function or variable may be unsafe. Consider using strcat_s instead. To disable deprecation, use _CRT_SECURE_NO_WARNINGS. See online help for details.
     1>..\zzip\dir.c(85): warning C4996: 'strcat': This function or variable may be unsafe. Consider using strcat_s instead. To disable deprecation, use _CRT_SECURE_NO_WARNINGS. See online help for details.
     1>..\zzip\dir.c(283): warning C4996: 'strdup': The POSIX name for this item is deprecated. Instead, use the ISO C++ conformant name: _strdup. See online help for details.
                 C:\Program Files (x86)\Microsoft Visual Studio 12.0\VC\include\string.h(245) : see declaration of 'strdup'
         err.c
     1>..\zzip\err.c(75): warning C4996: 'strerror': This function or variable may be unsafe. Consider using strerror_s instead. To disable deprecation, use _CRT_SECURE_NO_WARNINGS. See online help for details.
                 C:\Program Files (x86)\Microsoft Visual Studio 12.0\VC\include\string.h(168) : see declaration of 'strerror'
     1>..\zzip\err.c(80): warning C4996: 'strerror': This function or variable may be unsafe. Consider using strerror_s instead. To disable deprecation, use _CRT_SECURE_NO_WARNINGS. See online help for details.
                 C:\Program Files (x86)\Microsoft Visual Studio 12.0\VC\include\string.h(168) : see declaration of 'strerror'
     1>..\zzip\err.c(92): warning C4996: 'strerror': This function or variable may be unsafe. Consider using strerror_s instead. To disable deprecation, use _CRT_SECURE_NO_WARNINGS. See online help for details.
                 C:\Program Files (x86)\Microsoft Visual Studio 12.0\VC\include\string.h(168) : see declaration of 'strerror'
         fetch.c
         file.c
     1>..\zzip\file.c(412): warning C4267: '=' : conversion from 'size_t' to 'uInt', possible loss of data
     1>..\zzip\file.c(452): warning C4267: 'return' : conversion from 'size_t' to 'zzip_ssize_t', possible loss of data
     1>..\zzip\file.c(808): warning C4267: 'initializing' : conversion from 'size_t' to 'int', possible loss of data
     1>..\zzip\file.c(855): warning C4996: 'strdup': The POSIX name for this item is deprecated. Instead, use the ISO C++ conformant name: _strdup. See online help for details.
                 C:\Program Files (x86)\Microsoft Visual Studio 12.0\VC\include\string.h(245) : see declaration of 'strdup'
     1>..\zzip\file.c(1023): warning C4267: '=' : conversion from 'size_t' to 'zzip_off_t', possible loss of data
     1>..\zzip\file.c(1127): warning C4267: 'return' : conversion from 'size_t' to 'zzip_off_t', possible loss of data
         info.c
         plugin.c
     1>..\zzip\plugin.c(54): warning C4996: 'open': The POSIX name for this item is deprecated. Instead, use the ISO C++ conformant name: _open. See online help for details.
                 C:\Program Files (x86)\Microsoft Visual Studio 12.0\VC\include\io.h(336) : see declaration of 'open'
     1>..\zzip\plugin.c(54): warning C4996: 'close': The POSIX name for this item is deprecated. Instead, use the ISO C++ conformant name: _close. See online help for details.
                 C:\Program Files (x86)\Microsoft Visual Studio 12.0\VC\include\io.h(326) : see declaration of 'close'
     1>..\zzip\plugin.c(54): warning C4028: formal parameter 3 different from declaration
         stat.c
     1>..\zzip\stat.c(101): warning C4267: '=' : conversion from 'size_t' to 'int', possible loss of data
     1>..\zzip\stat.c(102): warning C4267: '=' : conversion from 'size_t' to 'int', possible loss of data
         zip.c
     1>..\zzip\zip.c(327): warning C4244: '=' : conversion from '__int64' to 'zzip_off_t', possible loss of data
     1>..\zzip\zip.c(460): warning C4244: 'function' : conversion from 'zzip_off64_t' to 'zzip_off_t', possible loss of data
     1>..\zzip\zip.c(504): warning C4244: '=' : conversion from 'uint16_t' to 'uint8_t', possible loss of data
     1>..\zzip\zip.c(778): warning C4996: 'strcpy': This function or variable may be unsafe. Consider using strcpy_s instead. To disable deprecation, use _CRT_SECURE_NO_WARNINGS. See online help for details.
         Generating Code...
     1>C:\Program Files (x86)\MSBuild\Microsoft.Cpp\v4.0\V120\Microsoft.CppBuild.targets(1361,5): warning MSB8012: TargetPath(C:\Users\OSRF\code\gz\zziplib-0.13.62-vc12-x64-release-debug\msvc8\x64\Release\zziplib.lib) does not match the Library's OutputFile property value (C:\Users\OSRF\code\gz\zziplib-0.13.62-vc12-x64-release-debug\msvc8\zziplib-Release.lib). This may cause your project to build incorrectly. To correct this, please make sure that $(OutDir), $(TargetName) and $(TargetExt) property values match the value specified in %(Lib.OutputFile).
     1>C:\Program Files (x86)\MSBuild\Microsoft.Cpp\v4.0\V120\Microsoft.CppBuild.targets(1363,5): warning MSB8012: TargetName(zziplib) does not match the Library's OutputFile property value (zziplib-Release). This may cause your project to build incorrectly. To correct this, please make sure that $(OutDir), $(TargetName) and $(TargetExt) property values match the value specified in %(Lib.OutputFile).
       Lib:
         C:\Program Files (x86)\Microsoft Visual Studio 12.0\VC\bin\x86_amd64\Lib.exe /OUT:"zziplib-Release.lib" zlibwapi.lib /LIBPATH:"../../zlib-1.2.8-vc12-x64-release-debug/contrib/vstudio/vc11/x64/ZlibDllRelease" /NOLOGO /MACHINE:X64 x64\Release\dir.obj
         x64\Release\err.obj
         x64\Release\fetch.obj
         x64\Release\file.obj
         x64\Release\info.obj
         x64\Release\plugin.obj
         x64\Release\stat.obj
         x64\Release\zip.obj
         zziplib.vcxproj -> C:\Users\OSRF\code\gz\zziplib-0.13.62-vc12-x64-release-debug\msvc8\x64\Release\zziplib.lib
     1>Done Building Project "C:\Users\OSRF\code\gz\zziplib-0.13.62-vc12-x64-release-debug\msvc8\zziplib.vcxproj" (Rebuild target(s)).

Build succeeded.

Time Elapsed 00:00:01.98
