c:\users\osrf\code\gz\zziplib-0.13.62\msvc8\x64\release\vc120.pdb
c:\users\osrf\code\gz\zziplib-0.13.62\msvc8\x64\release\fetch.obj
c:\users\osrf\code\gz\zziplib-0.13.62\msvc8\x64\release\zip.obj
c:\users\osrf\code\gz\zziplib-0.13.62\msvc8\x64\release\stat.obj
c:\users\osrf\code\gz\zziplib-0.13.62\msvc8\x64\release\plugin.obj
c:\users\osrf\code\gz\zziplib-0.13.62\msvc8\x64\release\info.obj
c:\users\osrf\code\gz\zziplib-0.13.62\msvc8\x64\release\file.obj
c:\users\osrf\code\gz\zziplib-0.13.62\msvc8\x64\release\err.obj
c:\users\osrf\code\gz\zziplib-0.13.62\msvc8\x64\release\dir.obj
c:\users\osrf\code\gz\zziplib-0.13.62\msvc8\zziplib-release.lib
c:\users\osrf\code\gz\zziplib-0.13.62-vc12-x64-release-debug\msvc8\x64\release\dir.obj
c:\users\osrf\code\gz\zziplib-0.13.62-vc12-x64-release-debug\msvc8\x64\release\err.obj
c:\users\osrf\code\gz\zziplib-0.13.62-vc12-x64-release-debug\msvc8\x64\release\fetch.obj
c:\users\osrf\code\gz\zziplib-0.13.62-vc12-x64-release-debug\msvc8\x64\release\file.obj
c:\users\osrf\code\gz\zziplib-0.13.62-vc12-x64-release-debug\msvc8\x64\release\info.obj
c:\users\osrf\code\gz\zziplib-0.13.62-vc12-x64-release-debug\msvc8\x64\release\plugin.obj
c:\users\osrf\code\gz\zziplib-0.13.62-vc12-x64-release-debug\msvc8\x64\release\stat.obj
c:\users\osrf\code\gz\zziplib-0.13.62-vc12-x64-release-debug\msvc8\x64\release\zip.obj
c:\users\osrf\code\gz\zziplib-0.13.62-vc12-x64-release-debug\msvc8\x64\release\vc120.pdb
c:\users\osrf\code\gz\zziplib-0.13.62-vc12-x64-release-debug\msvc8\x64\release\zziplib.tlog\cl.command.1.tlog
c:\users\osrf\code\gz\zziplib-0.13.62-vc12-x64-release-debug\msvc8\x64\release\zziplib.tlog\cl.read.1.tlog
c:\users\osrf\code\gz\zziplib-0.13.62-vc12-x64-release-debug\msvc8\x64\release\zziplib.tlog\cl.write.1.tlog
c:\users\osrf\code\gz\zziplib-0.13.62-vc12-x64-release-debug\msvc8\x64\release\zziplib.tlog\lib-link.read.1.tlog
c:\users\osrf\code\gz\zziplib-0.13.62-vc12-x64-release-debug\msvc8\x64\release\zziplib.tlog\lib-link.write.1.tlog
c:\users\osrf\code\gz\zziplib-0.13.62-vc12-x64-release-debug\msvc8\x64\release\zziplib.tlog\lib.command.1.tlog
