Build started 12/5/2014 12:19:08 AM.
     1>Project "C:\Users\OSRF\code\gz\bzip2-1.0.6\libbz2.vcxproj" on node 2 (Rebuild target(s)).
     1>ClCompile:
         C:\Program Files (x86)\Microsoft Visual Studio 12.0\VC\bin\x86_amd64\CL.exe /c /Zi /nologo /W3 /WX- /Od /D WIN32 /D _DEBUG /D _WINDOWS /D _VC80_UPGRADE=0x0600 /D _WINDLL /Gm- /EHsc /MDd /GS /Gy- /fp:precise /Zc:wchar_t /Zc:forScope /Fo".\Debug\\" /Fd".\Debug\vc120.pdb" /Gd /TC /errorReport:prompt blocksort.c bzlib.c compress.c crctable.c decompress.c huffman.c randtable.c
         blocksort.c
         bzlib.c
     1>bzlib.c(997): warning C4267: '=' : conversion from 'size_t' to 'Int32', possible loss of data
     1>bzlib.c(1056): warning C4267: '=' : conversion from 'size_t' to 'Int32', possible loss of data
     1>bzlib.c(1191): warning C4267: '=' : conversion from 'size_t' to 'Int32', possible loss of data
     1>bzlib.c(1417): warning C4996: 'strcat': This function or variable may be unsafe. Consider using strcat_s instead. To disable deprecation, use _CRT_SECURE_NO_WARNINGS. See online help for details.
                 C:\Program Files (x86)\Microsoft Visual Studio 12.0\VC\include\string.h(118) : see declaration of 'strcat'
     1>bzlib.c(1418): warning C4996: 'strcat': This function or variable may be unsafe. Consider using strcat_s instead. To disable deprecation, use _CRT_SECURE_NO_WARNINGS. See online help for details.
                 C:\Program Files (x86)\Microsoft Visual Studio 12.0\VC\include\string.h(118) : see declaration of 'strcat'
     1>bzlib.c(1423): warning C4996: 'setmode': The POSIX name for this item is deprecated. Instead, use the ISO C++ conformant name: _setmode. See online help for details.
                 C:\Program Files (x86)\Microsoft Visual Studio 12.0\VC\include\io.h(338) : see declaration of 'setmode'
     1>bzlib.c(1423): warning C4996: 'fileno': The POSIX name for this item is deprecated. Instead, use the ISO C++ conformant name: _fileno. See online help for details.
                 C:\Program Files (x86)\Microsoft Visual Studio 12.0\VC\include\stdio.h(718) : see declaration of 'fileno'
     1>bzlib.c(1425): warning C4996: 'fopen': This function or variable may be unsafe. Consider using fopen_s instead. To disable deprecation, use _CRT_SECURE_NO_WARNINGS. See online help for details.
                 C:\Program Files (x86)\Microsoft Visual Studio 12.0\VC\include\stdio.h(211) : see declaration of 'fopen'
     1>bzlib.c(1431): warning C4996: 'fdopen': The POSIX name for this item is deprecated. Instead, use the ISO C++ conformant name: _fdopen. See online help for details.
                 C:\Program Files (x86)\Microsoft Visual Studio 12.0\VC\include\stdio.h(716) : see declaration of 'fdopen'
         compress.c
     1>compress.c(205): warning C4244: '=' : conversion from '__int64' to 'Int32', possible loss of data
         crctable.c
         decompress.c
         huffman.c
         randtable.c
         Generating Code...
     1>C:\Program Files (x86)\MSBuild\Microsoft.Cpp\v4.0\V120\Microsoft.CppBuild.targets(1193,5): warning MSB8012: TargetPath(C:\Users\OSRF\code\gz\bzip2-1.0.6\x64\Debug\libbz2.dll) does not match the Linker's OutputFile property value (C:\Users\OSRF\code\gz\bzip2-1.0.6\Debug\libbz2.dll). This may cause your project to build incorrectly. To correct this, please make sure that $(OutDir), $(TargetName) and $(TargetExt) property values match the value specified in %(Link.OutputFile).
       Link:
         C:\Program Files (x86)\Microsoft Visual Studio 12.0\VC\bin\x86_amd64\link.exe /ERRORREPORT:PROMPT /OUT:".\Debug\libbz2.dll" /INCREMENTAL /NOLOGO odbc32.lib odbccp32.lib kernel32.lib user32.lib gdi32.lib winspool.lib comdlg32.lib advapi32.lib shell32.lib ole32.lib oleaut32.lib uuid.lib odbc32.lib odbccp32.lib /DEF:".\libbz2.def" /MANIFEST /MANIFESTUAC:"level='asInvoker' uiAccess='false'" /manifest:embed /DEBUG /PDB:"C:\Users\OSRF\code\gz\bzip2-1.0.6\x64\Debug\libbz2.pdb" /SUBSYSTEM:WINDOWS /TLBID:1 /DYNAMICBASE /NXCOMPAT /IMPLIB:".\Debug\libbz2.lib" /MACHINE:X64 /DLL .\Debug\blocksort.obj
         .\Debug\bzlib.obj
         .\Debug\compress.obj
         .\Debug\crctable.obj
         .\Debug\decompress.obj
         .\Debug\huffman.obj
         .\Debug\randtable.obj
     1>.\libbz2.def(2): warning LNK4017: DESCRIPTION statement not supported for the target platform; ignored
            Creating library .\Debug\libbz2.lib and object .\Debug\libbz2.exp
         libbz2.vcxproj -> C:\Users\OSRF\code\gz\bzip2-1.0.6\x64\Debug\libbz2.dll
     1>Done Building Project "C:\Users\OSRF\code\gz\bzip2-1.0.6\libbz2.vcxproj" (Rebuild target(s)).

Build succeeded.

Time Elapsed 00:00:02.91
