c:\users\osrf\code\gz\bzip2-1.0.6\debug\vc120.pdb
c:\users\osrf\code\gz\bzip2-1.0.6\debug\randtable.obj
c:\users\osrf\code\gz\bzip2-1.0.6\debug\huffman.obj
c:\users\osrf\code\gz\bzip2-1.0.6\debug\decompress.obj
c:\users\osrf\code\gz\bzip2-1.0.6\debug\crctable.obj
c:\users\osrf\code\gz\bzip2-1.0.6\debug\compress.obj
c:\users\osrf\code\gz\bzip2-1.0.6\debug\bzlib.obj
c:\users\osrf\code\gz\bzip2-1.0.6\debug\blocksort.obj
c:\users\osrf\code\gz\bzip2-1.0.6\debug\libbz2.lib
c:\users\osrf\code\gz\bzip2-1.0.6\debug\libbz2.exp
c:\users\osrf\code\gz\bzip2-1.0.6\libbz2.ilk
c:\users\osrf\code\gz\bzip2-1.0.6\libbz2.dll
c:\users\osrf\code\gz\bzip2-1.0.6\x64\debug\libbz2.pdb
c:\users\osrf\code\gz\bzip2-1.0.6\x64\debug\libbz2.tlog\cl.command.1.tlog
c:\users\osrf\code\gz\bzip2-1.0.6\x64\debug\libbz2.tlog\cl.read.1.tlog
c:\users\osrf\code\gz\bzip2-1.0.6\x64\debug\libbz2.tlog\cl.write.1.tlog
c:\users\osrf\code\gz\bzip2-1.0.6\x64\debug\libbz2.tlog\libbz2.write.1u.tlog
c:\users\osrf\code\gz\bzip2-1.0.6\x64\debug\libbz2.tlog\link.command.1.tlog
c:\users\osrf\code\gz\bzip2-1.0.6\x64\debug\libbz2.tlog\link.read.1.tlog
c:\users\osrf\code\gz\bzip2-1.0.6\x64\debug\libbz2.tlog\link.write.1.tlog
